<?xml version="1.0" encoding="UTF-8"?>
<!-- Generated by org.testng.reporters.JUnitReportReporter -->
<testsuite hostname="DESKTOP-NLEUQUR" failures="0" tests="3" name="assignment4.ApiTest" time="2.642" errors="0" timestamp="2024-12-01T19:06:04 EST" skipped="0">
  <testcase classname="assignment4.ApiTest" name="testAllPosts" time="1.891"/>
  <system-out/>
  <testcase classname="assignment4.ApiTest" name="testGetRequest" time="0.117"/>
  <system-out/>
  <testcase classname="assignment4.ApiTest" name="testPostRequest" time="0.634"/>
  <system-out/>
</testsuite> <!-- assignment4.ApiTest -->
